[debug] [2021-01-30T19:23:45.451Z] ----------------------------------------------------------------------
[debug] [2021-01-30T19:23:45.452Z] Command:       /usr/local/bin/node /usr/local/bin/firebase serve
[debug] [2021-01-30T19:23:45.453Z] CLI Version:   8.20.0
[debug] [2021-01-30T19:23:45.453Z] Platform:      darwin
[debug] [2021-01-30T19:23:45.453Z] Node Version:  v14.15.1
[debug] [2021-01-30T19:23:45.454Z] Time:          Sun Jan 31 2021 00:53:45 GMT+0530 (India Standard Time)
[debug] [2021-01-30T19:23:45.454Z] ----------------------------------------------------------------------
[debug] [2021-01-30T19:23:45.454Z] 
[debug] [2021-01-30T19:23:45.459Z] > command requires scopes: ["email","openid","https://www.googleapis.com/auth/cloudplatformprojects.readonly","https://www.googleapis.com/auth/firebase","https://www.googleapis.com/auth/cloud-platform"]
[debug] [2021-01-30T19:23:45.460Z] > authorizing via signed-in user
[debug] [2021-01-30T19:23:45.460Z] [iam] checking project boogalusite for permissions ["firebase.projects.get"]
[debug] [2021-01-30T19:23:45.462Z] >>> HTTP REQUEST POST https://cloudresourcemanager.googleapis.com/v1/projects/boogalusite:testIamPermissions  
 {"permissions":["firebase.projects.get"]}
[debug] [2021-01-30T19:23:47.348Z] <<< HTTP RESPONSE 200 {"content-type":"application/json; charset=UTF-8","vary":"X-Origin, Referer, Origin,Accept-Encoding","date":"Sat, 30 Jan 2021 19:23:47 GMT","server":"ESF","cache-control":"private","x-xss-protection":"0","x-frame-options":"SAMEORIGIN","x-content-type-options":"nosniff","server-timing":"gfet4t7; dur=1440","alt-svc":"h3-29=\":443\"; ma=2592000,h3-T051=\":443\"; ma=2592000,h3-Q050=\":443\"; ma=2592000,h3-Q046=\":443\"; ma=2592000,h3-Q043=\":443\"; ma=2592000,quic=\":443\"; ma=2592000; v=\"46,43\"","accept-ranges":"none","transfer-encoding":"chunked"}
[debug] [2021-01-30T19:23:47.349Z] >>> HTTP REQUEST GET https://firebase.googleapis.com/v1beta1/projects/boogalusite  
 
[debug] [2021-01-30T19:23:47.959Z] <<< HTTP RESPONSE 200 {"content-type":"application/json; charset=UTF-8","vary":"X-Origin, Referer, Origin,Accept-Encoding","date":"Sat, 30 Jan 2021 19:23:47 GMT","server":"ESF","cache-control":"private","x-xss-protection":"0","x-frame-options":"SAMEORIGIN","x-content-type-options":"nosniff","alt-svc":"h3-29=\":443\"; ma=2592000,h3-T051=\":443\"; ma=2592000,h3-Q050=\":443\"; ma=2592000,h3-Q046=\":443\"; ma=2592000,h3-Q043=\":443\"; ma=2592000,quic=\":443\"; ma=2592000; v=\"46,43\"","accept-ranges":"none","transfer-encoding":"chunked"}
[info] 
[info] === Serving from '/Users/danny/Documents/Projects/boogalu'...
[info] 
[debug] [2021-01-30T19:23:47.963Z] >>> HTTP REQUEST GET https://firebase.googleapis.com/v1beta1/projects/boogalusite/webApps/-/config  
 
[warn] ⚠  Your requested "node" version "12" doesn't match your global version "14" {"metadata":{"emulator":{"name":"functions"},"message":"Your requested \"node\" version \"12\" doesn't match your global version \"14\""}}
[debug] [2021-01-30T19:23:47.973Z] defaultcredentials: writing to file /Users/danny/.config/firebase/garudkardnyaneshwar_gmail_com_application_default_credentials.json
[debug] [2021-01-30T19:23:47.974Z] Setting GAC to /Users/danny/.config/firebase/garudkardnyaneshwar_gmail_com_application_default_credentials.json {"metadata":{"emulator":{"name":"functions"},"message":"Setting GAC to /Users/danny/.config/firebase/garudkardnyaneshwar_gmail_com_application_default_credentials.json"}}
[debug] [2021-01-30T19:23:49.496Z] <<< HTTP RESPONSE 200 {"content-type":"application/json; charset=UTF-8","vary":"X-Origin, Referer, Origin,Accept-Encoding","date":"Sat, 30 Jan 2021 19:23:49 GMT","server":"ESF","cache-control":"private","x-xss-protection":"0","x-frame-options":"SAMEORIGIN","x-content-type-options":"nosniff","alt-svc":"h3-29=\":443\"; ma=2592000,h3-T051=\":443\"; ma=2592000,h3-Q050=\":443\"; ma=2592000,h3-Q046=\":443\"; ma=2592000,h3-Q043=\":443\"; ma=2592000,quic=\":443\"; ma=2592000; v=\"46,43\"","accept-ranges":"none","transfer-encoding":"chunked"}
[info] i  functions: Watching "/Users/danny/Documents/Projects/boogalu/functions" for Cloud Functions... {"metadata":{"emulator":{"name":"functions"},"message":"Watching \"/Users/danny/Documents/Projects/boogalu/functions\" for Cloud Functions..."}}
[debug] [2021-01-30T19:23:49.557Z] [worker-pool] addWorker(~diagnostic~) {"metadata":{"emulator":{"name":"functions"},"message":"[worker-pool] addWorker(~diagnostic~)"}}
[debug] [2021-01-30T19:23:49.557Z] [worker-pool] Adding worker with key ~diagnostic~, total=1 {"metadata":{"emulator":{"name":"functions"},"message":"[worker-pool] Adding worker with key ~diagnostic~, total=1"}}
[debug] [2021-01-30T19:23:49.557Z] [worker-pool] submitWork(triggerId=) {"metadata":{"emulator":{"name":"functions"},"message":"[worker-pool] submitWork(triggerId=)"}}
[debug] [2021-01-30T19:23:49.558Z] [worker-~diagnostic~-8561d223-038c-425d-b8cd-d056917ca260]: Assigning socketPath: /var/folders/x0/c10v7s9j1d3227xh7sxvw4_m0000gn/T/fire_emu_11177.sock {"metadata":{"emulator":{"name":"functions"},"message":"[worker-~diagnostic~-8561d223-038c-425d-b8cd-d056917ca260]: Assigning socketPath: /var/folders/x0/c10v7s9j1d3227xh7sxvw4_m0000gn/T/fire_emu_11177.sock"}}
[debug] [2021-01-30T19:23:49.558Z] [worker-~diagnostic~-8561d223-038c-425d-b8cd-d056917ca260]: BUSY {"metadata":{"emulator":{"name":"functions"},"message":"[worker-~diagnostic~-8561d223-038c-425d-b8cd-d056917ca260]: BUSY"}}
[info] i  hosting: Serving hosting files from: build {"metadata":{"emulator":{"name":"hosting"},"message":"Serving hosting files from: \u001b[1mbuild\u001b[22m"}}
[info] ✔  hosting: Local server: http://localhost:5000 {"metadata":{"emulator":{"name":"hosting"},"message":"Local server: \u001b[4m\u001b[1mhttp://localhost:5000\u001b[22m\u001b[24m"}}
[debug] [2021-01-30T19:23:49.692Z] [runtime-status] [11177] Functions runtime initialized. {"cwd":"/Users/danny/Documents/Projects/boogalu/functions","node_version":"14.15.1"} {"metadata":{"emulator":{"name":"functions"},"message":"[runtime-status] [11177] Functions runtime initialized. {\"cwd\":\"/Users/danny/Documents/Projects/boogalu/functions\",\"node_version\":\"14.15.1\"}"}}
[debug] [2021-01-30T19:23:49.692Z] [runtime-status] [11177] Disabled runtime features: undefined {"metadata":{"emulator":{"name":"functions"},"message":"[runtime-status] [11177] Disabled runtime features: undefined"}}
[debug] [2021-01-30T19:23:49.695Z] [runtime-status] [11177] Resolved module firebase-admin {"declared":true,"installed":true,"version":"9.4.2","resolution":"/Users/danny/Documents/Projects/boogalu/functions/node_modules/firebase-admin/lib/index.js"} {"metadata":{"emulator":{"name":"functions"},"message":"[runtime-status] [11177] Resolved module firebase-admin {\"declared\":true,\"installed\":true,\"version\":\"9.4.2\",\"resolution\":\"/Users/danny/Documents/Projects/boogalu/functions/node_modules/firebase-admin/lib/index.js\"}"}}
[debug] [2021-01-30T19:23:49.696Z] [runtime-status] [11177] Resolved module firebase-functions {"declared":true,"installed":true,"version":"3.13.1","resolution":"/Users/danny/Documents/Projects/boogalu/functions/node_modules/firebase-functions/lib/index.js"} {"metadata":{"emulator":{"name":"functions"},"message":"[runtime-status] [11177] Resolved module firebase-functions {\"declared\":true,\"installed\":true,\"version\":\"3.13.1\",\"resolution\":\"/Users/danny/Documents/Projects/boogalu/functions/node_modules/firebase-functions/lib/index.js\"}"}}
[debug] [2021-01-30T19:23:49.699Z] [runtime-status] [11177] Resolved module firebase-functions {"declared":true,"installed":true,"version":"3.13.1","resolution":"/Users/danny/Documents/Projects/boogalu/functions/node_modules/firebase-functions/lib/index.js"} {"metadata":{"emulator":{"name":"functions"},"message":"[runtime-status] [11177] Resolved module firebase-functions {\"declared\":true,\"installed\":true,\"version\":\"3.13.1\",\"resolution\":\"/Users/danny/Documents/Projects/boogalu/functions/node_modules/firebase-functions/lib/index.js\"}"}}
[debug] [2021-01-30T19:23:49.700Z] [runtime-status] [11177] Outgoing network have been stubbed. [{"name":"http","status":"mocked"},{"name":"http","status":"mocked"},{"name":"https","status":"mocked"},{"name":"https","status":"mocked"},{"name":"net","status":"mocked"}] {"metadata":{"emulator":{"name":"functions"},"message":"[runtime-status] [11177] Outgoing network have been stubbed. [{\"name\":\"http\",\"status\":\"mocked\"},{\"name\":\"http\",\"status\":\"mocked\"},{\"name\":\"https\",\"status\":\"mocked\"},{\"name\":\"https\",\"status\":\"mocked\"},{\"name\":\"net\",\"status\":\"mocked\"}]"}}
[debug] [2021-01-30T19:23:49.701Z] [runtime-status] [11177] Resolved module firebase-functions {"declared":true,"installed":true,"version":"3.13.1","resolution":"/Users/danny/Documents/Projects/boogalu/functions/node_modules/firebase-functions/lib/index.js"} {"metadata":{"emulator":{"name":"functions"},"message":"[runtime-status] [11177] Resolved module firebase-functions {\"declared\":true,\"installed\":true,\"version\":\"3.13.1\",\"resolution\":\"/Users/danny/Documents/Projects/boogalu/functions/node_modules/firebase-functions/lib/index.js\"}"}}
[debug] [2021-01-30T19:23:49.730Z] [runtime-status] [11177] Checked functions.config() {"config":{}} {"metadata":{"emulator":{"name":"functions"},"message":"[runtime-status] [11177] Checked functions.config() {\"config\":{}}"}}
[debug] [2021-01-30T19:23:49.731Z] [runtime-status] [11177] firebase-functions has been stubbed. {"functionsResolution":{"declared":true,"installed":true,"version":"3.13.1","resolution":"/Users/danny/Documents/Projects/boogalu/functions/node_modules/firebase-functions/lib/index.js"}} {"metadata":{"emulator":{"name":"functions"},"message":"[runtime-status] [11177] firebase-functions has been stubbed. {\"functionsResolution\":{\"declared\":true,\"installed\":true,\"version\":\"3.13.1\",\"resolution\":\"/Users/danny/Documents/Projects/boogalu/functions/node_modules/firebase-functions/lib/index.js\"}}"}}
[debug] [2021-01-30T19:23:49.731Z] [runtime-status] [11177] Resolved module firebase-functions {"declared":true,"installed":true,"version":"3.13.1","resolution":"/Users/danny/Documents/Projects/boogalu/functions/node_modules/firebase-functions/lib/index.js"} {"metadata":{"emulator":{"name":"functions"},"message":"[runtime-status] [11177] Resolved module firebase-functions {\"declared\":true,\"installed\":true,\"version\":\"3.13.1\",\"resolution\":\"/Users/danny/Documents/Projects/boogalu/functions/node_modules/firebase-functions/lib/index.js\"}"}}
[debug] [2021-01-30T19:23:49.732Z] [runtime-status] [11177] Resolved module firebase-admin {"declared":true,"installed":true,"version":"9.4.2","resolution":"/Users/danny/Documents/Projects/boogalu/functions/node_modules/firebase-admin/lib/index.js"} {"metadata":{"emulator":{"name":"functions"},"message":"[runtime-status] [11177] Resolved module firebase-admin {\"declared\":true,\"installed\":true,\"version\":\"9.4.2\",\"resolution\":\"/Users/danny/Documents/Projects/boogalu/functions/node_modules/firebase-admin/lib/index.js\"}"}}
[debug] [2021-01-30T19:23:49.732Z] [runtime-status] [11177] Resolved module firebase-functions {"declared":true,"installed":true,"version":"3.13.1","resolution":"/Users/danny/Documents/Projects/boogalu/functions/node_modules/firebase-functions/lib/index.js"} {"metadata":{"emulator":{"name":"functions"},"message":"[runtime-status] [11177] Resolved module firebase-functions {\"declared\":true,\"installed\":true,\"version\":\"3.13.1\",\"resolution\":\"/Users/danny/Documents/Projects/boogalu/functions/node_modules/firebase-functions/lib/index.js\"}"}}
[debug] [2021-01-30T19:23:49.732Z] [runtime-status] [11177] firebase-admin has been stubbed. {"adminResolution":{"declared":true,"installed":true,"version":"9.4.2","resolution":"/Users/danny/Documents/Projects/boogalu/functions/node_modules/firebase-admin/lib/index.js"}} {"metadata":{"emulator":{"name":"functions"},"message":"[runtime-status] [11177] firebase-admin has been stubbed. {\"adminResolution\":{\"declared\":true,\"installed\":true,\"version\":\"9.4.2\",\"resolution\":\"/Users/danny/Documents/Projects/boogalu/functions/node_modules/firebase-admin/lib/index.js\"}}"}}
[warn] ⚠  It looks like you're trying to access functions.config().firebase but there is no value there. You can learn more about setting up config here: https://firebase.google.com/docs/functions/local-emulator {"metadata":{"emulator":{"name":"functions"},"message":"It looks like you're trying to access functions.config().firebase but there is no value there. You can learn more about setting up config here: https://firebase.google.com/docs/functions/local-emulator"}}
[debug] [2021-01-30T19:23:49.734Z] [runtime-status] [11177] initializeApp(DEFAULT) {"databaseURL":"https://boogalusite.firebaseio.com","storageBucket":"boogalusite.appspot.com","projectId":"boogalusite"} {"metadata":{"emulator":{"name":"functions"},"message":"[runtime-status] [11177] initializeApp(DEFAULT) {\"databaseURL\":\"https://boogalusite.firebaseio.com\",\"storageBucket\":\"boogalusite.appspot.com\",\"projectId\":\"boogalusite\"}"}}
[warn] ⚠  functions: The Cloud Firestore emulator is not running, so calls to Firestore will affect production. {"metadata":{"emulator":{"name":"functions"},"message":"The Cloud Firestore emulator is not running, so calls to Firestore will affect production."}}
[info] ✔  functions[payment]: http function initialized (http://localhost:5001/boogalusite/us-central1/payment). {"metadata":{"emulator":{"name":"functions"},"message":"\u001b[1mhttp\u001b[22m function initialized (http://localhost:5001/boogalusite/us-central1/payment)."}}
[info] ✔  functions[paymentCallback]: http function initialized (http://localhost:5001/boogalusite/us-central1/paymentCallback). {"metadata":{"emulator":{"name":"functions"},"message":"\u001b[1mhttp\u001b[22m function initialized (http://localhost:5001/boogalusite/us-central1/paymentCallback)."}}
[debug] [2021-01-30T19:23:49.875Z] [worker-~diagnostic~-8561d223-038c-425d-b8cd-d056917ca260]: IDLE {"metadata":{"emulator":{"name":"functions"},"message":"[worker-~diagnostic~-8561d223-038c-425d-b8cd-d056917ca260]: IDLE"}}
